2018-10-24 00:14:01 [main] INFO  c.i.t.webmodule.WebModuleApplication - Starting WebModuleApplication on prostrmk with PID 17437 (started by prostrmk in /home/prostrmk/Documents/Programs/Java/Java EE/Spring/SpringTutorials/Trucking/truckingApp)
2018-10-24 00:14:01 [main] DEBUG c.i.t.webmodule.WebModuleApplication - Running with Spring Boot v2.0.5.RELEASE, Spring v5.0.9.RELEASE
2018-10-24 00:14:01 [main] INFO  c.i.t.webmodule.WebModuleApplication - No active profile set, falling back to default profiles: default
2018-10-24 00:14:02 [main] INFO  o.s.b.w.s.c.AnnotationConfigServletWebServerApplicationContext - Refreshing org.springframework.boot.web.servlet.context.AnnotationConfigServletWebServerApplicationContext@58be6e8: startup date [Wed Oct 24 00:14:02 MSK 2018]; root of context hierarchy
2018-10-24 00:14:09 [main] INFO  o.s.b.f.a.AutowiredAnnotationBeanPostProcessor - JSR-330 'javax.inject.Inject' annotation found and supported for autowiring
2018-10-24 00:14:09 [main] INFO  o.s.c.s.PostProcessorRegistrationDelegate$BeanPostProcessorChecker - Bean 'org.springframework.transaction.annotation.ProxyTransactionManagementConfiguration' of type [org.springframework.transaction.annotation.ProxyTransactionManagementConfiguration$$EnhancerBySpringCGLIB$$400c8211] is not eligible for getting processed by all BeanPostProcessors (for example: not eligible for auto-proxying)
2018-10-24 00:14:10 [main] INFO  o.s.c.s.PostProcessorRegistrationDelegate$BeanPostProcessorChecker - Bean 'org.springframework.security.config.annotation.configuration.ObjectPostProcessorConfiguration' of type [org.springframework.security.config.annotation.configuration.ObjectPostProcessorConfiguration$$EnhancerBySpringCGLIB$$d8ba4a4b] is not eligible for getting processed by all BeanPostProcessors (for example: not eligible for auto-proxying)
2018-10-24 00:14:10 [main] INFO  o.s.c.s.PostProcessorRegistrationDelegate$BeanPostProcessorChecker - Bean 'objectPostProcessor' of type [org.springframework.security.config.annotation.configuration.AutowireBeanFactoryObjectPostProcessor] is not eligible for getting processed by all BeanPostProcessors (for example: not eligible for auto-proxying)
2018-10-24 00:14:10 [main] INFO  o.s.c.s.PostProcessorRegistrationDelegate$BeanPostProcessorChecker - Bean 'org.springframework.security.access.expression.method.DefaultMethodSecurityExpressionHandler@1894593a' of type [org.springframework.security.access.expression.method.DefaultMethodSecurityExpressionHandler] is not eligible for getting processed by all BeanPostProcessors (for example: not eligible for auto-proxying)
2018-10-24 00:14:10 [main] INFO  o.s.c.s.PostProcessorRegistrationDelegate$BeanPostProcessorChecker - Bean 'org.springframework.security.config.annotation.method.configuration.GlobalMethodSecurityConfiguration' of type [org.springframework.security.config.annotation.method.configuration.GlobalMethodSecurityConfiguration$$EnhancerBySpringCGLIB$$fd8eecfd] is not eligible for getting processed by all BeanPostProcessors (for example: not eligible for auto-proxying)
2018-10-24 00:14:10 [main] INFO  o.s.c.s.PostProcessorRegistrationDelegate$BeanPostProcessorChecker - Bean 'methodSecurityMetadataSource' of type [org.springframework.security.access.method.DelegatingMethodSecurityMetadataSource] is not eligible for getting processed by all BeanPostProcessors (for example: not eligible for auto-proxying)
2018-10-24 00:14:11 [main] INFO  o.s.b.w.e.tomcat.TomcatWebServer - Tomcat initialized with port(s): 8080 (http)
2018-10-24 00:14:11 [main] INFO  o.a.catalina.core.StandardService - Starting service [Tomcat]
2018-10-24 00:14:11 [main] INFO  o.a.catalina.core.StandardEngine - Starting Servlet Engine: Apache Tomcat/8.5.34
2018-10-24 00:14:11 [localhost-startStop-1] INFO  o.a.c.core.AprLifecycleListener - The APR based Apache Tomcat Native library which allows optimal performance in production environments was not found on the java.library.path: [/usr/java/packages/lib:/usr/lib/x86_64-linux-gnu/jni:/lib/x86_64-linux-gnu:/usr/lib/x86_64-linux-gnu:/usr/lib/jni:/lib:/usr/lib]
2018-10-24 00:14:11 [localhost-startStop-1] INFO  o.a.c.c.C.[Tomcat].[localhost].[/] - Initializing Spring embedded WebApplicationContext
2018-10-24 00:14:11 [localhost-startStop-1] INFO  o.s.b.w.s.FilterRegistrationBean - Mapping filter: 'characterEncodingFilter' to: [/*]
2018-10-24 00:14:11 [localhost-startStop-1] INFO  o.s.b.w.s.DelegatingFilterProxyRegistrationBean - Mapping filter: 'springSecurityFilterChain' to: [/*]
2018-10-24 00:14:11 [localhost-startStop-1] INFO  o.s.b.w.s.FilterRegistrationBean - Mapping filter: 'authTokenFilter' to: [/*]
2018-10-24 00:14:11 [localhost-startStop-1] INFO  o.s.b.w.s.ServletRegistrationBean - Servlet dispatcherServlet mapped to [/]
2018-10-24 00:14:12 [localhost-startStop-1] DEBUG c.i.t.webmodule.config.JwtAuthFilter - Initializing filter 'authTokenFilter'
2018-10-24 00:14:12 [localhost-startStop-1] DEBUG c.i.t.webmodule.config.JwtAuthFilter - Filter 'authTokenFilter' configured successfully
2018-10-24 00:14:12 [main] INFO  com.zaxxer.hikari.HikariDataSource - HikariPool-1 - Starting...
2018-10-24 00:14:13 [main] INFO  com.zaxxer.hikari.HikariDataSource - HikariPool-1 - Start completed.
2018-10-24 00:14:13 [main] INFO  o.s.o.j.LocalContainerEntityManagerFactoryBean - Building JPA container EntityManagerFactory for persistence unit 'default'
2018-10-24 00:14:13 [main] INFO  o.h.jpa.internal.util.LogHelper - HHH000204: Processing PersistenceUnitInfo [
	name: default
	...]
2018-10-24 00:14:13 [main] INFO  org.hibernate.Version - HHH000412: Hibernate Core {5.2.1.Final}
2018-10-24 00:14:13 [main] INFO  org.hibernate.cfg.Environment - HHH000206: hibernate.properties not found
2018-10-24 00:14:13 [main] INFO  org.hibernate.cfg.Environment - HHH000021: Bytecode provider name : javassist
2018-10-24 00:14:13 [main] INFO  o.h.annotations.common.Version - HCANN000001: Hibernate Commons Annotations {5.0.1.Final}
2018-10-24 00:14:13 [main] INFO  org.hibernate.dialect.Dialect - HHH000400: Using dialect: org.hibernate.dialect.PostgreSQL9Dialect
2018-10-24 00:14:13 [main] INFO  o.h.e.j.e.i.LobCreatorBuilderImpl - HHH000422: Disabling contextual LOB creation as connection was null
2018-10-24 00:14:13 [main] INFO  org.hibernate.type.BasicTypeRegistry - HHH000270: Type registration [java.util.UUID] overrides previous : org.hibernate.type.UUIDBinaryType@19b75b2b
2018-10-24 00:14:14 [main] INFO  o.s.o.j.LocalContainerEntityManagerFactoryBean - Initialized JPA EntityManagerFactory for persistence unit 'default'
2018-10-24 00:14:15 [main] WARN  o.s.b.a.o.j.JpaBaseConfiguration$JpaWebConfiguration$JpaWebMvcConfiguration - spring.jpa.open-in-view is enabled by default. Therefore, database queries may be performed during view rendering. Explicitly configure spring.jpa.open-in-view to disable this warning
2018-10-24 00:14:15 [main] INFO  o.s.s.web.DefaultSecurityFilterChain - Creating filter chain: org.springframework.security.web.util.matcher.AnyRequestMatcher@1, [org.springframework.security.web.context.request.async.WebAsyncManagerIntegrationFilter@278cb145, org.springframework.security.web.context.SecurityContextPersistenceFilter@50fa5938, org.springframework.security.web.header.HeaderWriterFilter@118a4d5, org.springframework.web.filter.CorsFilter@2aa0feb2, org.springframework.security.web.authentication.logout.LogoutFilter@6e4e60f5, com.itechart.trucking.webmodule.config.JwtAuthFilter@1b2aa1a3, org.springframework.security.web.savedrequest.RequestCacheAwareFilter@bc52a41, org.springframework.security.web.servletapi.SecurityContextHolderAwareRequestFilter@4ba13fed, org.springframework.security.web.authentication.AnonymousAuthenticationFilter@351c6341, org.springframework.security.web.session.SessionManagementFilter@74b7497b, org.springframework.security.web.access.ExceptionTranslationFilter@513fab1e, org.springframework.security.web.access.intercept.FilterSecurityInterceptor@236a4d30]
2018-10-24 00:14:16 [main] INFO  o.s.j.e.a.AnnotationMBeanExporter - Registering beans for JMX exposure on startup
2018-10-24 00:14:16 [main] INFO  o.s.j.e.a.AnnotationMBeanExporter - Bean with name 'dataSource' has been autodetected for JMX exposure
2018-10-24 00:14:16 [main] INFO  o.s.j.e.a.AnnotationMBeanExporter - Located MBean 'dataSource': registering with JMX server as MBean [com.zaxxer.hikari:name=dataSource,type=HikariDataSource]
2018-10-24 00:14:16 [main] INFO  o.s.b.w.e.tomcat.TomcatWebServer - Tomcat started on port(s): 8080 (http) with context path ''
2018-10-24 00:14:16 [main] INFO  c.i.t.webmodule.WebModuleApplication - Started WebModuleApplication in 16.799 seconds (JVM running for 23.665)
2018-10-24 00:14:27 [http-nio-8080-exec-1] INFO  o.a.c.c.C.[Tomcat].[localhost].[/] - Initializing Spring FrameworkServlet 'dispatcherServlet'
2018-10-24 00:14:27 [http-nio-8080-exec-1] DEBUG c.i.t.webmodule.config.JwtAuthFilter - Request is to process authentication
2018-10-24 00:14:27 [http-nio-8080-exec-1] WARN  c.i.t.webmodule.config.JwtAuthFilter - No token in header
2018-10-24 00:14:39 [Thread-4] INFO  o.s.b.w.s.c.AnnotationConfigServletWebServerApplicationContext - Closing org.springframework.boot.web.servlet.context.AnnotationConfigServletWebServerApplicationContext@58be6e8: startup date [Wed Oct 24 00:14:02 MSK 2018]; root of context hierarchy
2018-10-24 00:14:39 [Thread-4] INFO  o.s.j.e.a.AnnotationMBeanExporter - Unregistering JMX-exposed beans on shutdown
2018-10-24 00:14:39 [Thread-4] INFO  o.s.j.e.a.AnnotationMBeanExporter - Unregistering JMX-exposed beans
2018-10-24 00:14:39 [Thread-4] INFO  o.s.o.j.LocalContainerEntityManagerFactoryBean - Closing JPA EntityManagerFactory for persistence unit 'default'
2018-10-24 00:14:39 [Thread-4] INFO  com.zaxxer.hikari.HikariDataSource - HikariPool-1 - Shutdown initiated...
2018-10-24 00:14:39 [Thread-4] INFO  com.zaxxer.hikari.HikariDataSource - HikariPool-1 - Shutdown completed.
2018-10-24 00:20:36 [main] INFO  c.i.t.webmodule.WebModuleApplication - Starting WebModuleApplication on prostrmk with PID 18094 (started by prostrmk in /home/prostrmk/Documents/Programs/Java/Java EE/Spring/SpringTutorials/Trucking/truckingApp)
2018-10-24 00:20:36 [main] DEBUG c.i.t.webmodule.WebModuleApplication - Running with Spring Boot v2.0.5.RELEASE, Spring v5.0.9.RELEASE
2018-10-24 00:20:36 [main] INFO  c.i.t.webmodule.WebModuleApplication - No active profile set, falling back to default profiles: default
2018-10-24 00:20:36 [main] INFO  o.s.b.w.s.c.AnnotationConfigServletWebServerApplicationContext - Refreshing org.springframework.boot.web.servlet.context.AnnotationConfigServletWebServerApplicationContext@6d025197: startup date [Wed Oct 24 00:20:36 MSK 2018]; root of context hierarchy
2018-10-24 00:20:37 [main] INFO  o.s.b.f.a.AutowiredAnnotationBeanPostProcessor - JSR-330 'javax.inject.Inject' annotation found and supported for autowiring
2018-10-24 00:20:37 [main] INFO  o.s.c.s.PostProcessorRegistrationDelegate$BeanPostProcessorChecker - Bean 'org.springframework.transaction.annotation.ProxyTransactionManagementConfiguration' of type [org.springframework.transaction.annotation.ProxyTransactionManagementConfiguration$$EnhancerBySpringCGLIB$$7f2f9da] is not eligible for getting processed by all BeanPostProcessors (for example: not eligible for auto-proxying)
2018-10-24 00:20:37 [main] INFO  o.s.c.s.PostProcessorRegistrationDelegate$BeanPostProcessorChecker - Bean 'org.springframework.security.config.annotation.configuration.ObjectPostProcessorConfiguration' of type [org.springframework.security.config.annotation.configuration.ObjectPostProcessorConfiguration$$EnhancerBySpringCGLIB$$a0a0c214] is not eligible for getting processed by all BeanPostProcessors (for example: not eligible for auto-proxying)
2018-10-24 00:20:37 [main] INFO  o.s.c.s.PostProcessorRegistrationDelegate$BeanPostProcessorChecker - Bean 'objectPostProcessor' of type [org.springframework.security.config.annotation.configuration.AutowireBeanFactoryObjectPostProcessor] is not eligible for getting processed by all BeanPostProcessors (for example: not eligible for auto-proxying)
2018-10-24 00:20:37 [main] INFO  o.s.c.s.PostProcessorRegistrationDelegate$BeanPostProcessorChecker - Bean 'org.springframework.security.access.expression.method.DefaultMethodSecurityExpressionHandler@26b95b0b' of type [org.springframework.security.access.expression.method.DefaultMethodSecurityExpressionHandler] is not eligible for getting processed by all BeanPostProcessors (for example: not eligible for auto-proxying)
2018-10-24 00:20:37 [main] INFO  o.s.c.s.PostProcessorRegistrationDelegate$BeanPostProcessorChecker - Bean 'org.springframework.security.config.annotation.method.configuration.GlobalMethodSecurityConfiguration' of type [org.springframework.security.config.annotation.method.configuration.GlobalMethodSecurityConfiguration$$EnhancerBySpringCGLIB$$c57564c6] is not eligible for getting processed by all BeanPostProcessors (for example: not eligible for auto-proxying)
2018-10-24 00:20:37 [main] INFO  o.s.c.s.PostProcessorRegistrationDelegate$BeanPostProcessorChecker - Bean 'methodSecurityMetadataSource' of type [org.springframework.security.access.method.DelegatingMethodSecurityMetadataSource] is not eligible for getting processed by all BeanPostProcessors (for example: not eligible for auto-proxying)
2018-10-24 00:20:38 [main] INFO  o.s.b.w.e.tomcat.TomcatWebServer - Tomcat initialized with port(s): 8080 (http)
2018-10-24 00:20:38 [main] INFO  o.a.catalina.core.StandardService - Starting service [Tomcat]
2018-10-24 00:20:38 [main] INFO  o.a.catalina.core.StandardEngine - Starting Servlet Engine: Apache Tomcat/8.5.34
2018-10-24 00:20:38 [localhost-startStop-1] INFO  o.a.c.core.AprLifecycleListener - The APR based Apache Tomcat Native library which allows optimal performance in production environments was not found on the java.library.path: [/usr/java/packages/lib:/usr/lib/x86_64-linux-gnu/jni:/lib/x86_64-linux-gnu:/usr/lib/x86_64-linux-gnu:/usr/lib/jni:/lib:/usr/lib]
2018-10-24 00:20:38 [localhost-startStop-1] INFO  o.a.c.c.C.[Tomcat].[localhost].[/] - Initializing Spring embedded WebApplicationContext
2018-10-24 00:20:38 [localhost-startStop-1] INFO  o.s.b.w.s.FilterRegistrationBean - Mapping filter: 'characterEncodingFilter' to: [/*]
2018-10-24 00:20:38 [localhost-startStop-1] INFO  o.s.b.w.s.DelegatingFilterProxyRegistrationBean - Mapping filter: 'springSecurityFilterChain' to: [/*]
2018-10-24 00:20:38 [localhost-startStop-1] INFO  o.s.b.w.s.FilterRegistrationBean - Mapping filter: 'authTokenFilter' to: [/*]
2018-10-24 00:20:38 [localhost-startStop-1] INFO  o.s.b.w.s.ServletRegistrationBean - Servlet dispatcherServlet mapped to [/]
2018-10-24 00:20:38 [localhost-startStop-1] DEBUG c.i.t.webmodule.config.JwtAuthFilter - Initializing filter 'authTokenFilter'
2018-10-24 00:20:38 [localhost-startStop-1] DEBUG c.i.t.webmodule.config.JwtAuthFilter - Filter 'authTokenFilter' configured successfully
2018-10-24 00:20:38 [main] INFO  com.zaxxer.hikari.HikariDataSource - HikariPool-1 - Starting...
2018-10-24 00:20:38 [main] INFO  com.zaxxer.hikari.HikariDataSource - HikariPool-1 - Start completed.
2018-10-24 00:20:38 [main] INFO  o.s.o.j.LocalContainerEntityManagerFactoryBean - Building JPA container EntityManagerFactory for persistence unit 'default'
2018-10-24 00:20:38 [main] INFO  o.h.jpa.internal.util.LogHelper - HHH000204: Processing PersistenceUnitInfo [
	name: default
	...]
2018-10-24 00:20:38 [main] INFO  org.hibernate.Version - HHH000412: Hibernate Core {5.2.1.Final}
2018-10-24 00:20:38 [main] INFO  org.hibernate.cfg.Environment - HHH000206: hibernate.properties not found
2018-10-24 00:20:38 [main] INFO  org.hibernate.cfg.Environment - HHH000021: Bytecode provider name : javassist
2018-10-24 00:20:38 [main] INFO  o.h.annotations.common.Version - HCANN000001: Hibernate Commons Annotations {5.0.1.Final}
2018-10-24 00:20:38 [main] INFO  org.hibernate.dialect.Dialect - HHH000400: Using dialect: org.hibernate.dialect.PostgreSQL9Dialect
2018-10-24 00:20:38 [main] INFO  o.h.e.j.e.i.LobCreatorBuilderImpl - HHH000422: Disabling contextual LOB creation as connection was null
2018-10-24 00:20:38 [main] INFO  org.hibernate.type.BasicTypeRegistry - HHH000270: Type registration [java.util.UUID] overrides previous : org.hibernate.type.UUIDBinaryType@611d0763
2018-10-24 00:20:39 [main] INFO  o.s.o.j.LocalContainerEntityManagerFactoryBean - Initialized JPA EntityManagerFactory for persistence unit 'default'
2018-10-24 00:20:39 [main] WARN  o.s.b.a.o.j.JpaBaseConfiguration$JpaWebConfiguration$JpaWebMvcConfiguration - spring.jpa.open-in-view is enabled by default. Therefore, database queries may be performed during view rendering. Explicitly configure spring.jpa.open-in-view to disable this warning
2018-10-24 00:20:40 [main] INFO  o.s.s.web.DefaultSecurityFilterChain - Creating filter chain: org.springframework.security.web.util.matcher.AnyRequestMatcher@1, [org.springframework.security.web.context.request.async.WebAsyncManagerIntegrationFilter@50ac1249, org.springframework.security.web.context.SecurityContextPersistenceFilter@13d1f898, org.springframework.security.web.header.HeaderWriterFilter@683fe7b5, org.springframework.web.filter.CorsFilter@4bf10fe1, org.springframework.security.web.authentication.logout.LogoutFilter@7252bdb, com.itechart.trucking.webmodule.config.JwtAuthFilter@6248a931, org.springframework.security.web.savedrequest.RequestCacheAwareFilter@31433df9, org.springframework.security.web.servletapi.SecurityContextHolderAwareRequestFilter@16d4024e, org.springframework.security.web.authentication.AnonymousAuthenticationFilter@543d2ef3, org.springframework.security.web.session.SessionManagementFilter@93fb44, org.springframework.security.web.access.ExceptionTranslationFilter@3a988299, org.springframework.security.web.access.intercept.FilterSecurityInterceptor@57bd9c2b]
2018-10-24 00:20:40 [main] INFO  o.s.j.e.a.AnnotationMBeanExporter - Registering beans for JMX exposure on startup
2018-10-24 00:20:40 [main] INFO  o.s.j.e.a.AnnotationMBeanExporter - Bean with name 'dataSource' has been autodetected for JMX exposure
2018-10-24 00:20:40 [main] INFO  o.s.j.e.a.AnnotationMBeanExporter - Located MBean 'dataSource': registering with JMX server as MBean [com.zaxxer.hikari:name=dataSource,type=HikariDataSource]
2018-10-24 00:20:40 [main] INFO  o.s.b.w.e.tomcat.TomcatWebServer - Tomcat started on port(s): 8080 (http) with context path ''
2018-10-24 00:20:40 [main] INFO  c.i.t.webmodule.WebModuleApplication - Started WebModuleApplication in 4.423 seconds (JVM running for 5.119)
2018-10-24 00:20:52 [http-nio-8080-exec-1] INFO  o.a.c.c.C.[Tomcat].[localhost].[/] - Initializing Spring FrameworkServlet 'dispatcherServlet'
2018-10-24 00:20:52 [http-nio-8080-exec-1] INFO  o.h.h.i.QueryTranslatorFactoryInitiator - HHH000397: Using ASTQueryTranslatorFactory
2018-10-24 00:21:21 [http-nio-8080-exec-4] DEBUG c.i.t.webmodule.config.JwtAuthFilter - Request is to process authentication
2018-10-24 00:21:21 [http-nio-8080-exec-4] DEBUG c.i.t.webmodule.config.JwtAuthFilter - Authentication success. Updating SecurityContextHolder to contain: org.springframework.security.authentication.UsernamePasswordAuthenticationToken@a5680bf3: Principal: com.itechart.trucking.webmodule.model.entity.UserDetail@5b9de6a3; Credentials: [PROTECTED]; Authenticated: true; Details: null; Granted Authorities: ROLE_SYS_ADMIN
2018-10-24 00:21:21 [http-nio-8080-exec-4] DEBUG c.i.t.webmodule.config.JwtAuthFilter - Request is to process authentication
2018-10-24 00:21:21 [http-nio-8080-exec-4] DEBUG c.i.t.webmodule.config.JwtAuthFilter - Authentication success. Updating SecurityContextHolder to contain: org.springframework.security.authentication.UsernamePasswordAuthenticationToken@807e8683: Principal: com.itechart.trucking.webmodule.model.entity.UserDetail@7e8b6bd3; Credentials: [PROTECTED]; Authenticated: true; Details: null; Granted Authorities: ROLE_SYS_ADMIN
2018-10-24 00:21:49 [http-nio-8080-exec-6] DEBUG c.i.t.webmodule.config.JwtAuthFilter - Request is to process authentication
2018-10-24 00:21:49 [http-nio-8080-exec-6] DEBUG c.i.t.webmodule.config.JwtAuthFilter - Authentication success. Updating SecurityContextHolder to contain: org.springframework.security.authentication.UsernamePasswordAuthenticationToken@3bc1421a: Principal: com.itechart.trucking.webmodule.model.entity.UserDetail@7b628bf8; Credentials: [PROTECTED]; Authenticated: true; Details: null; Granted Authorities: ROLE_ADMIN
2018-10-24 00:21:49 [http-nio-8080-exec-6] DEBUG c.i.t.webmodule.config.JwtAuthFilter - Request is to process authentication
2018-10-24 00:21:49 [http-nio-8080-exec-6] DEBUG c.i.t.webmodule.config.JwtAuthFilter - Authentication success. Updating SecurityContextHolder to contain: org.springframework.security.authentication.UsernamePasswordAuthenticationToken@3506a306: Principal: com.itechart.trucking.webmodule.model.entity.UserDetail@75a56ae4; Credentials: [PROTECTED]; Authenticated: true; Details: null; Granted Authorities: ROLE_ADMIN
2018-10-24 00:22:04 [http-nio-8080-exec-7] DEBUG c.i.t.webmodule.config.JwtAuthFilter - Request is to process authentication
2018-10-24 00:22:04 [http-nio-8080-exec-7] DEBUG c.i.t.webmodule.config.JwtAuthFilter - Authentication success. Updating SecurityContextHolder to contain: org.springframework.security.authentication.UsernamePasswordAuthenticationToken@7e0e9b1d: Principal: com.itechart.trucking.webmodule.model.entity.UserDetail@3ead52ff; Credentials: [PROTECTED]; Authenticated: true; Details: null; Granted Authorities: ROLE_ADMIN
2018-10-24 00:22:04 [http-nio-8080-exec-7] DEBUG c.i.t.webmodule.config.JwtAuthFilter - Request is to process authentication
2018-10-24 00:22:04 [http-nio-8080-exec-7] DEBUG c.i.t.webmodule.config.JwtAuthFilter - Authentication success. Updating SecurityContextHolder to contain: org.springframework.security.authentication.UsernamePasswordAuthenticationToken@70c962b8: Principal: com.itechart.trucking.webmodule.model.entity.UserDetail@306aab5a; Credentials: [PROTECTED]; Authenticated: true; Details: null; Granted Authorities: ROLE_ADMIN
2018-10-24 00:22:25 [http-nio-8080-exec-8] DEBUG c.i.t.webmodule.config.JwtAuthFilter - Request is to process authentication
2018-10-24 00:22:25 [http-nio-8080-exec-8] WARN  c.i.t.webmodule.config.JwtAuthFilter - No token in header
2018-10-24 00:22:38 [http-nio-8080-exec-9] DEBUG c.i.t.webmodule.config.JwtAuthFilter - Request is to process authentication
2018-10-24 00:22:38 [http-nio-8080-exec-9] DEBUG c.i.t.webmodule.config.JwtAuthFilter - Authentication success. Updating SecurityContextHolder to contain: org.springframework.security.authentication.UsernamePasswordAuthenticationToken@32720389: Principal: com.itechart.trucking.webmodule.model.entity.UserDetail@72d1ca6b; Credentials: [PROTECTED]; Authenticated: true; Details: null; Granted Authorities: ROLE_ADMIN
2018-10-24 00:22:38 [http-nio-8080-exec-9] DEBUG c.i.t.webmodule.config.JwtAuthFilter - Request is to process authentication
2018-10-24 00:22:38 [http-nio-8080-exec-9] DEBUG c.i.t.webmodule.config.JwtAuthFilter - Authentication success. Updating SecurityContextHolder to contain: org.springframework.security.authentication.UsernamePasswordAuthenticationToken@364d890b: Principal: com.itechart.trucking.webmodule.model.entity.UserDetail@76ee40e9; Credentials: [PROTECTED]; Authenticated: true; Details: null; Granted Authorities: ROLE_ADMIN
2018-10-24 00:22:55 [http-nio-8080-exec-10] DEBUG c.i.t.webmodule.config.JwtAuthFilter - Request is to process authentication
2018-10-24 00:22:55 [http-nio-8080-exec-10] WARN  c.i.trucking.webmodule.config.JwtVal - Someone tried to change token in header. Token value: eyJhbGciOiJIUzUxMiJ9.eyJzdWIiOiIyIiwidXNlcm5hbWUiOiJwcm9zdHJtayIsInJvbGUiOiJST0xFX0FETUlOIn0.4Nf6yuUilA5a6BkBTC0NyFwwwwwSJw5OtBuLapHLRrfK5q11xHKD7yydsdj0xzAQMFQMhYn7B4o06SCtaOd_Y4JCScQ
2018-10-24 00:22:55 [http-nio-8080-exec-10] ERROR o.a.c.c.C.[.[.[.[dispatcherServlet] - Servlet.service() for servlet [dispatcherServlet] in context with path [] threw exception
java.lang.RuntimeException: JWT Token is incorrect
	at com.itechart.trucking.webmodule.config.JwtAuthProvider.retrieveUser(JwtAuthProvider.java:38)
	at org.springframework.security.authentication.dao.AbstractUserDetailsAuthenticationProvider.authenticate(AbstractUserDetailsAuthenticationProvider.java:144)
	at org.springframework.security.authentication.ProviderManager.authenticate(ProviderManager.java:174)
	at com.itechart.trucking.webmodule.config.JwtAuthFilter.attemptAuthentication(JwtAuthFilter.java:37)
	at org.springframework.security.web.authentication.AbstractAuthenticationProcessingFilter.doFilter(AbstractAuthenticationProcessingFilter.java:212)
	at org.springframework.security.web.FilterChainProxy$VirtualFilterChain.doFilter(FilterChainProxy.java:334)
	at org.springframework.security.web.authentication.logout.LogoutFilter.doFilter(LogoutFilter.java:116)
	at org.springframework.security.web.FilterChainProxy$VirtualFilterChain.doFilter(FilterChainProxy.java:334)
	at org.springframework.web.filter.CorsFilter.doFilterInternal(CorsFilter.java:96)
	at org.springframework.web.filter.OncePerRequestFilter.doFilter(OncePerRequestFilter.java:107)
	at org.springframework.security.web.FilterChainProxy$VirtualFilterChain.doFilter(FilterChainProxy.java:334)
	at org.springframework.security.web.header.HeaderWriterFilter.doFilterInternal(HeaderWriterFilter.java:66)
	at org.springframework.web.filter.OncePerRequestFilter.doFilter(OncePerRequestFilter.java:107)
	at org.springframework.security.web.FilterChainProxy$VirtualFilterChain.doFilter(FilterChainProxy.java:334)
	at org.springframework.security.web.context.SecurityContextPersistenceFilter.doFilter(SecurityContextPersistenceFilter.java:105)
	at org.springframework.security.web.FilterChainProxy$VirtualFilterChain.doFilter(FilterChainProxy.java:334)
	at org.springframework.security.web.context.request.async.WebAsyncManagerIntegrationFilter.doFilterInternal(WebAsyncManagerIntegrationFilter.java:56)
	at org.springframework.web.filter.OncePerRequestFilter.doFilter(OncePerRequestFilter.java:107)
	at org.springframework.security.web.FilterChainProxy$VirtualFilterChain.doFilter(FilterChainProxy.java:334)
	at org.springframework.security.web.FilterChainProxy.doFilterInternal(FilterChainProxy.java:215)
	at org.springframework.security.web.FilterChainProxy.doFilter(FilterChainProxy.java:178)
	at org.springframework.web.filter.DelegatingFilterProxy.invokeDelegate(DelegatingFilterProxy.java:357)
	at org.springframework.web.filter.DelegatingFilterProxy.doFilter(DelegatingFilterProxy.java:270)
	at org.apache.catalina.core.ApplicationFilterChain.internalDoFilter(ApplicationFilterChain.java:193)
	at org.apache.catalina.core.ApplicationFilterChain.doFilter(ApplicationFilterChain.java:166)
	at org.springframework.web.filter.CharacterEncodingFilter.doFilterInternal(CharacterEncodingFilter.java:200)
	at org.springframework.web.filter.OncePerRequestFilter.doFilter(OncePerRequestFilter.java:107)
	at org.apache.catalina.core.ApplicationFilterChain.internalDoFilter(ApplicationFilterChain.java:193)
	at org.apache.catalina.core.ApplicationFilterChain.doFilter(ApplicationFilterChain.java:166)
	at org.apache.catalina.core.StandardWrapperValve.invoke(StandardWrapperValve.java:198)
	at org.apache.catalina.core.StandardContextValve.invoke(StandardContextValve.java:96)
	at org.apache.catalina.authenticator.AuthenticatorBase.invoke(AuthenticatorBase.java:493)
	at org.apache.catalina.core.StandardHostValve.invoke(StandardHostValve.java:140)
	at org.apache.catalina.valves.ErrorReportValve.invoke(ErrorReportValve.java:81)
	at org.apache.catalina.core.StandardEngineValve.invoke(StandardEngineValve.java:87)
	at org.apache.catalina.connector.CoyoteAdapter.service(CoyoteAdapter.java:342)
	at org.apache.coyote.http11.Http11Processor.service(Http11Processor.java:800)
	at org.apache.coyote.AbstractProcessorLight.process(AbstractProcessorLight.java:66)
	at org.apache.coyote.AbstractProtocol$ConnectionHandler.process(AbstractProtocol.java:806)
	at org.apache.tomcat.util.net.NioEndpoint$SocketProcessor.doRun(NioEndpoint.java:1498)
	at org.apache.tomcat.util.net.SocketProcessorBase.run(SocketProcessorBase.java:49)
	at java.base/java.util.concurrent.ThreadPoolExecutor.runWorker(ThreadPoolExecutor.java:1135)
	at java.base/java.util.concurrent.ThreadPoolExecutor$Worker.run(ThreadPoolExecutor.java:635)
	at org.apache.tomcat.util.threads.TaskThread$WrappingRunnable.run(TaskThread.java:61)
	at java.base/java.lang.Thread.run(Thread.java:844)
2018-10-24 00:23:08 [http-nio-8080-exec-1] DEBUG c.i.t.webmodule.config.JwtAuthFilter - Request is to process authentication
2018-10-24 00:23:08 [http-nio-8080-exec-1] DEBUG c.i.t.webmodule.config.JwtAuthFilter - Authentication success. Updating SecurityContextHolder to contain: org.springframework.security.authentication.UsernamePasswordAuthenticationToken@28bd1246: Principal: com.itechart.trucking.webmodule.model.entity.UserDetail@681edba4; Credentials: [PROTECTED]; Authenticated: true; Details: null; Granted Authorities: ROLE_ADMIN
2018-10-24 00:23:08 [http-nio-8080-exec-1] DEBUG c.i.t.webmodule.config.JwtAuthFilter - Request is to process authentication
2018-10-24 00:23:08 [http-nio-8080-exec-1] DEBUG c.i.t.webmodule.config.JwtAuthFilter - Authentication success. Updating SecurityContextHolder to contain: org.springframework.security.authentication.UsernamePasswordAuthenticationToken@5f400d8d: Principal: com.itechart.trucking.webmodule.model.entity.UserDetail@1fe3c46f; Credentials: [PROTECTED]; Authenticated: true; Details: null; Granted Authorities: ROLE_ADMIN
2018-10-24 00:23:13 [Thread-4] INFO  o.s.b.w.s.c.AnnotationConfigServletWebServerApplicationContext - Closing org.springframework.boot.web.servlet.context.AnnotationConfigServletWebServerApplicationContext@6d025197: startup date [Wed Oct 24 00:20:36 MSK 2018]; root of context hierarchy
2018-10-24 00:23:13 [Thread-4] INFO  o.s.j.e.a.AnnotationMBeanExporter - Unregistering JMX-exposed beans on shutdown
2018-10-24 00:23:13 [Thread-4] INFO  o.s.j.e.a.AnnotationMBeanExporter - Unregistering JMX-exposed beans
2018-10-24 00:23:13 [Thread-4] INFO  o.s.o.j.LocalContainerEntityManagerFactoryBean - Closing JPA EntityManagerFactory for persistence unit 'default'
2018-10-24 00:23:13 [Thread-4] INFO  com.zaxxer.hikari.HikariDataSource - HikariPool-1 - Shutdown initiated...
2018-10-24 00:23:13 [Thread-4] INFO  com.zaxxer.hikari.HikariDataSource - HikariPool-1 - Shutdown completed.
2018-10-24 00:34:54 [main] INFO  c.i.t.webmodule.WebModuleApplication - Starting WebModuleApplication on prostrmk with PID 18949 (started by prostrmk in /home/prostrmk/Documents/Programs/Java/Java EE/Spring/SpringTutorials/Trucking/truckingApp)
2018-10-24 00:34:54 [main] DEBUG c.i.t.webmodule.WebModuleApplication - Running with Spring Boot v2.0.5.RELEASE, Spring v5.0.9.RELEASE
2018-10-24 00:34:54 [main] INFO  c.i.t.webmodule.WebModuleApplication - No active profile set, falling back to default profiles: default
2018-10-24 00:34:54 [main] INFO  o.s.b.w.s.c.AnnotationConfigServletWebServerApplicationContext - Refreshing org.springframework.boot.web.servlet.context.AnnotationConfigServletWebServerApplicationContext@b7c4869: startup date [Wed Oct 24 00:34:54 MSK 2018]; root of context hierarchy
2018-10-24 00:34:55 [main] INFO  o.s.b.f.a.AutowiredAnnotationBeanPostProcessor - JSR-330 'javax.inject.Inject' annotation found and supported for autowiring
2018-10-24 00:34:55 [main] INFO  o.s.c.s.PostProcessorRegistrationDelegate$BeanPostProcessorChecker - Bean 'org.springframework.transaction.annotation.ProxyTransactionManagementConfiguration' of type [org.springframework.transaction.annotation.ProxyTransactionManagementConfiguration$$EnhancerBySpringCGLIB$$50cfc6a] is not eligible for getting processed by all BeanPostProcessors (for example: not eligible for auto-proxying)
2018-10-24 00:34:55 [main] INFO  o.s.c.s.PostProcessorRegistrationDelegate$BeanPostProcessorChecker - Bean 'org.springframework.security.config.annotation.configuration.ObjectPostProcessorConfiguration' of type [org.springframework.security.config.annotation.configuration.ObjectPostProcessorConfiguration$$EnhancerBySpringCGLIB$$9dbac4a4] is not eligible for getting processed by all BeanPostProcessors (for example: not eligible for auto-proxying)
2018-10-24 00:34:55 [main] INFO  o.s.c.s.PostProcessorRegistrationDelegate$BeanPostProcessorChecker - Bean 'objectPostProcessor' of type [org.springframework.security.config.annotation.configuration.AutowireBeanFactoryObjectPostProcessor] is not eligible for getting processed by all BeanPostProcessors (for example: not eligible for auto-proxying)
2018-10-24 00:34:55 [main] INFO  o.s.c.s.PostProcessorRegistrationDelegate$BeanPostProcessorChecker - Bean 'org.springframework.security.access.expression.method.DefaultMethodSecurityExpressionHandler@10dc7d6' of type [org.springframework.security.access.expression.method.DefaultMethodSecurityExpressionHandler] is not eligible for getting processed by all BeanPostProcessors (for example: not eligible for auto-proxying)
2018-10-24 00:34:55 [main] INFO  o.s.c.s.PostProcessorRegistrationDelegate$BeanPostProcessorChecker - Bean 'org.springframework.security.config.annotation.method.configuration.GlobalMethodSecurityConfiguration' of type [org.springframework.security.config.annotation.method.configuration.GlobalMethodSecurityConfiguration$$EnhancerBySpringCGLIB$$c28f6756] is not eligible for getting processed by all BeanPostProcessors (for example: not eligible for auto-proxying)
2018-10-24 00:34:55 [main] INFO  o.s.c.s.PostProcessorRegistrationDelegate$BeanPostProcessorChecker - Bean 'methodSecurityMetadataSource' of type [org.springframework.security.access.method.DelegatingMethodSecurityMetadataSource] is not eligible for getting processed by all BeanPostProcessors (for example: not eligible for auto-proxying)
2018-10-24 00:34:55 [main] INFO  o.s.b.w.e.tomcat.TomcatWebServer - Tomcat initialized with port(s): 8080 (http)
2018-10-24 00:34:55 [main] INFO  o.a.catalina.core.StandardService - Starting service [Tomcat]
2018-10-24 00:34:55 [main] INFO  o.a.catalina.core.StandardEngine - Starting Servlet Engine: Apache Tomcat/8.5.34
2018-10-24 00:34:55 [localhost-startStop-1] INFO  o.a.c.core.AprLifecycleListener - The APR based Apache Tomcat Native library which allows optimal performance in production environments was not found on the java.library.path: [/usr/java/packages/lib:/usr/lib/x86_64-linux-gnu/jni:/lib/x86_64-linux-gnu:/usr/lib/x86_64-linux-gnu:/usr/lib/jni:/lib:/usr/lib]
2018-10-24 00:34:55 [localhost-startStop-1] INFO  o.a.c.c.C.[Tomcat].[localhost].[/] - Initializing Spring embedded WebApplicationContext
2018-10-24 00:34:55 [localhost-startStop-1] INFO  o.s.b.w.s.FilterRegistrationBean - Mapping filter: 'characterEncodingFilter' to: [/*]
2018-10-24 00:34:55 [localhost-startStop-1] INFO  o.s.b.w.s.DelegatingFilterProxyRegistrationBean - Mapping filter: 'springSecurityFilterChain' to: [/*]
2018-10-24 00:34:55 [localhost-startStop-1] INFO  o.s.b.w.s.FilterRegistrationBean - Mapping filter: 'authTokenFilter' to: [/*]
2018-10-24 00:34:55 [localhost-startStop-1] INFO  o.s.b.w.s.ServletRegistrationBean - Servlet dispatcherServlet mapped to [/]
2018-10-24 00:34:55 [localhost-startStop-1] DEBUG c.i.t.webmodule.config.JwtAuthFilter - Initializing filter 'authTokenFilter'
2018-10-24 00:34:55 [localhost-startStop-1] DEBUG c.i.t.webmodule.config.JwtAuthFilter - Filter 'authTokenFilter' configured successfully
2018-10-24 00:34:56 [main] INFO  com.zaxxer.hikari.HikariDataSource - HikariPool-1 - Starting...
2018-10-24 00:34:56 [main] INFO  com.zaxxer.hikari.HikariDataSource - HikariPool-1 - Start completed.
2018-10-24 00:34:56 [main] INFO  o.s.o.j.LocalContainerEntityManagerFactoryBean - Building JPA container EntityManagerFactory for persistence unit 'default'
2018-10-24 00:34:56 [main] INFO  o.h.jpa.internal.util.LogHelper - HHH000204: Processing PersistenceUnitInfo [
	name: default
	...]
2018-10-24 00:34:56 [main] INFO  org.hibernate.Version - HHH000412: Hibernate Core {5.2.1.Final}
2018-10-24 00:34:56 [main] INFO  org.hibernate.cfg.Environment - HHH000206: hibernate.properties not found
2018-10-24 00:34:56 [main] INFO  org.hibernate.cfg.Environment - HHH000021: Bytecode provider name : javassist
2018-10-24 00:34:56 [main] INFO  o.h.annotations.common.Version - HCANN000001: Hibernate Commons Annotations {5.0.1.Final}
2018-10-24 00:34:56 [main] INFO  org.hibernate.dialect.Dialect - HHH000400: Using dialect: org.hibernate.dialect.PostgreSQL9Dialect
2018-10-24 00:34:56 [main] INFO  o.h.e.j.e.i.LobCreatorBuilderImpl - HHH000422: Disabling contextual LOB creation as connection was null
2018-10-24 00:34:56 [main] INFO  org.hibernate.type.BasicTypeRegistry - HHH000270: Type registration [java.util.UUID] overrides previous : org.hibernate.type.UUIDBinaryType@66f16742
2018-10-24 00:34:56 [main] INFO  o.s.o.j.LocalContainerEntityManagerFactoryBean - Initialized JPA EntityManagerFactory for persistence unit 'default'
2018-10-24 00:34:57 [main] WARN  o.s.b.a.o.j.JpaBaseConfiguration$JpaWebConfiguration$JpaWebMvcConfiguration - spring.jpa.open-in-view is enabled by default. Therefore, database queries may be performed during view rendering. Explicitly configure spring.jpa.open-in-view to disable this warning
2018-10-24 00:34:57 [main] INFO  o.s.s.web.DefaultSecurityFilterChain - Creating filter chain: org.springframework.security.web.util.matcher.AnyRequestMatcher@1, [org.springframework.security.web.context.request.async.WebAsyncManagerIntegrationFilter@32069394, org.springframework.security.web.context.SecurityContextPersistenceFilter@3dc2f14, org.springframework.security.web.header.HeaderWriterFilter@58b5f7d2, org.springframework.web.filter.CorsFilter@70421a08, org.springframework.security.web.authentication.logout.LogoutFilter@16d4024e, com.itechart.trucking.webmodule.config.JwtAuthFilter@26a01625, org.springframework.security.web.savedrequest.RequestCacheAwareFilter@3ad2883a, org.springframework.security.web.servletapi.SecurityContextHolderAwareRequestFilter@878feb2, org.springframework.security.web.authentication.AnonymousAuthenticationFilter@5dba3fdc, org.springframework.security.web.session.SessionManagementFilter@9f48198, org.springframework.security.web.access.ExceptionTranslationFilter@6cb194f5, org.springframework.security.web.access.intercept.FilterSecurityInterceptor@6ef4297d]
2018-10-24 00:34:57 [main] INFO  o.s.j.e.a.AnnotationMBeanExporter - Registering beans for JMX exposure on startup
2018-10-24 00:34:57 [main] INFO  o.s.j.e.a.AnnotationMBeanExporter - Bean with name 'dataSource' has been autodetected for JMX exposure
2018-10-24 00:34:57 [main] INFO  o.s.j.e.a.AnnotationMBeanExporter - Located MBean 'dataSource': registering with JMX server as MBean [com.zaxxer.hikari:name=dataSource,type=HikariDataSource]
2018-10-24 00:34:57 [main] INFO  o.s.b.w.e.tomcat.TomcatWebServer - Tomcat started on port(s): 8080 (http) with context path ''
2018-10-24 00:34:57 [main] INFO  c.i.t.webmodule.WebModuleApplication - Started WebModuleApplication in 4.027 seconds (JVM running for 4.693)
2018-10-24 00:35:15 [http-nio-8080-exec-2] INFO  o.a.c.c.C.[Tomcat].[localhost].[/] - Initializing Spring FrameworkServlet 'dispatcherServlet'
2018-10-24 00:35:15 [http-nio-8080-exec-2] INFO  o.h.h.i.QueryTranslatorFactoryInitiator - HHH000397: Using ASTQueryTranslatorFactory
2018-10-24 00:35:26 [Thread-4] INFO  o.s.b.w.s.c.AnnotationConfigServletWebServerApplicationContext - Closing org.springframework.boot.web.servlet.context.AnnotationConfigServletWebServerApplicationContext@b7c4869: startup date [Wed Oct 24 00:34:54 MSK 2018]; root of context hierarchy
2018-10-24 00:35:26 [Thread-4] INFO  o.s.j.e.a.AnnotationMBeanExporter - Unregistering JMX-exposed beans on shutdown
2018-10-24 00:35:26 [Thread-4] INFO  o.s.j.e.a.AnnotationMBeanExporter - Unregistering JMX-exposed beans
2018-10-24 00:35:26 [Thread-4] INFO  o.s.o.j.LocalContainerEntityManagerFactoryBean - Closing JPA EntityManagerFactory for persistence unit 'default'
2018-10-24 00:35:26 [Thread-4] INFO  com.zaxxer.hikari.HikariDataSource - HikariPool-1 - Shutdown initiated...
2018-10-24 00:35:26 [Thread-4] INFO  com.zaxxer.hikari.HikariDataSource - HikariPool-1 - Shutdown completed.
